JN620362_envelope.txt
1479
count of a:414
count of c:306
count of g:405
count of t:354
mew_x = 502.6457240992588
mew_y = -66.5168150626096
sqr_gr_value = 257077.21064134163
gr_value = 507.0278203820197
time taken = 859
time taken = 0
KC601756_envelope.txt
1503
count of a:390
count of c:342
count of g:417
count of t:354
mew_x = 513.570025588827
mew_y = -48.22192651337328
sqr_gr_value = 266079.52537996956
gr_value = 515.828969116673
time taken = 828
time taken = 0
KX197192_envelope_result.txt
25
count of a:4
count of c:6
count of g:3
count of t:12
mew_x = 8.432614112000001
mew_y = 5.408024648
sqr_gr_value = 100.3557113552771
gr_value = 10.017769779510662
time taken = 22
time taken = 0
JX669476_envelope.txt
1485
count of a:495
count of c:297
count of g:381
count of t:312
mew_x = 494.54861965522133
mew_y = -119.62691050303012
sqr_gr_value = 258888.93491938474
gr_value = 508.8112959824936
time taken = 843
time taken = 0
KX197192_envelope.txt
1512
count of a:418
count of c:326
count of g:425
count of t:343
mew_x = 515.6407325177285
mew_y = -75.59684621269815
sqr_gr_value = 271600.2481887259
gr_value = 521.1528069469894
time taken = 854
time taken = 0
