KU955592
10272
(46.46982691278863+0j)
time taken = 810199
time taken = 866
MH882545
10272
(46.521259104297236+0j)
time taken = 693747
time taken = 813
KU681082
10272
(46.06335943991582+0j)
time taken = 936528
time taken = 826
KU963574
10254
(45.75414393359737+0j)
time taken = 294099
time taken = 911
MH882532
10272
(46.49380083136811+0j)
time taken = 161773
time taken = 831
MH368551
10272
(46.422730289820734+0j)
time taken = 880216
time taken = 818
KF268950
10267
(46.483969722083586+0j)
time taken = 648514
time taken = 819
KU963573
10260
(45.97955744412502+0j)
time taken = 174590
time taken = 802
KU497555
10272
(46.56870673093874+0j)
time taken = 203871
time taken = 796
KY014296
10272
(46.52103017420752+0j)
time taken = 146148
time taken = 802
MF073359
10272
(46.52103017420752+0j)
time taken = 421688
time taken = 807
KU955595
10272
(46.46982691278863+0j)
time taken = 999971
time taken = 790
MH882542
10272
(46.49380083136811+0j)
time taken = 470219
time taken = 815
KX198134
10272
(46.46982691278863+0j)
time taken = 251728
time taken = 787
KU926309
10272
(46.48966582822523+0j)
time taken = 108147
time taken = 802
MK238037
10272
(46.52210291514669+0j)
time taken = 140821
time taken = 785
KU179098
10272
(45.965347889724704+0j)
time taken = 267666
time taken = 807
KU955591
10272
(46.46982691278863+0j)
time taken = 791263
time taken = 794
KX601167
10272
(46.03062102951531+0j)
time taken = 220692
time taken = 787
KU681081
10272
(46.518699683315646+0j)
time taken = 305189
time taken = 810
