MK856077.fasta, 121.38122726949061 

MK635600.fasta, 122.68824788914851 

MK881753.fasta, 115.5244598495462 

MK631674.fasta, 125.95870913433936 

MK785492.fasta, 124.21303132997684 

MK576283.fasta, 120.1650962371525 

MK762955.fasta, 123.48042098663767 

MK839279.fasta, 124.89905639400503 

MK743698.fasta, 120.53887423983507 

MK576263.fasta, 120.55459890293601 

MK631322.fasta, 124.47211969828456 

MK576922.fasta, 124.58375771095946 

MK912782.fasta, 119.69269519254792 

MK631370.fasta, 121.70496865854622 

MK927234.fasta, 120.41779295813953 

MK922329.fasta, 124.21424099656132 

MK564245.fasta, 119.48309139662705 

MK715722.fasta, 120.66646321200875 

MK839308.fasta, 124.0907550485541 

MK577066.fasta, 126.96891582773608 

MK715938.fasta, 121.25605075687788 

MK927225.fasta, 122.20441944707984 

MK855605.fasta, 124.6582458395615 

MK477687.fasta, 115.9053851293265 

MK839619.fasta, 126.45950524763045 

MK623299.fasta, 119.4489585946339 

MK762959.fasta, 122.33627295163669 

MK577667.fasta, 116.14644382275101 

MK631380.fasta, 123.49155377549846 

MK855562.fasta, 119.34042009078304 

MK786575.fasta, 119.11060377070892 

MK677408.fasta, 120.76792333707782 

MK676492.fasta, 122.08569242562854 

MK927226.fasta, 121.32965097969883 

MK856141.fasta, 120.72702664122751 

MK676732.fasta, 122.7345479090653 

MK855547.fasta, 121.01785923281294 

MK839643.fasta, 123.48227589606235 

MK676660.fasta, 122.2794538534782 

MK855837.fasta, 120.28889451323525 

MK577669.fasta, 116.67285821006776 

MK899162.fasta, 121.09245674554708 

MK927211.fasta, 118.29673196541444 

MK762986.fasta, 121.2634471975982 

MK773029.fasta, 122.02765720032204 

MK786383.fasta, 119.07389920334803 

MK773173.fasta, 121.75581459155615 

MK839715.fasta, 120.26805979167128 

MK856277.fasta, 122.4191387548298 

MK856021.fasta, 123.00195569908239 

MK763033.fasta, 125.55720028237658 

MK743682.fasta, 119.33920291580587 

MK844245.fasta, 117.61532700613094 

MK869147.fasta, 121.99890795815676 

MK927177.fasta, 118.59832725566395 

MK927238.fasta, 121.89819677078623 

MK630706.fasta, 119.69269519254792 

MK743354.fasta, 120.49846371250882 

MK676484.fasta, 119.84016189447811 

MK856317.fasta, 117.89124927687902 

MK927231.fasta, 123.84113873722 

MK912870.fasta, 119.76948298788193 

MK742940.fasta, 119.40247957353533 

MK715691.fasta, 117.81742691806123 

MK763728.fasta, 121.7878229856423 

MK785432.fasta, 124.4757214776048 

MK785447.fasta, 122.4797895504003 

MK743626.fasta, 121.78953155041096 

MK839287.fasta, 121.1550484817064 

MK631346.fasta, 124.21303132997684 

MK716130.fasta, 122.27602568778042 

MK960652.fasta, 115.83808015995659 

MK532504.fasta, 127.60391163695533 

MK868687.fasta, 119.60960626389573 

MK762971.fasta, 120.73603476379871 

MK742980.fasta, 119.31749101554158 

MK622833.fasta, 121.18785522083233 

MK905313.fasta, 122.47770941123716 

MK762988.fasta, 124.21882775277507 

MK773085.fasta, 121.86777438954118 

MK868685.fasta, 123.26812841112913 

MK855669.fasta, 118.96950257718807 

MK577034.fasta, 121.4513255875039 

MK630994.fasta, 118.9523840649715 

MK868741.fasta, 120.91888292521844 

MK868735.fasta, 119.18351678838647 

MK762957.fasta, 120.79361825758185 

MK576802.fasta, 120.40778674941735 

MK856285.fasta, 124.70457404570416 

MK676652.fasta, 121.63052042986688 

MK839587.fasta, 122.78784306219366 

MK773301.fasta, 121.92486806978765 

MK633361.fasta, 125.29570941776831 

MK786095.fasta, 118.605872651644 

MK763029.fasta, 124.01820514977987 

MK927221.fasta, 125.30715328771663 

MK856357.fasta, 126.8404315066941 

MK716050.fasta, 118.43092476078992 

MK927243.fasta, 120.91638134172617 

MK743586.fasta, 118.64481107606453 

MK912910.fasta, 122.05476026733946 

MK715922.fasta, 123.38863228875638 

MK773189.fasta, 121.82475192545917 

MK631642.fasta, 119.84582380733909 

MK676333.fasta, 121.54203743424668 

MK856197.fasta, 119.75629324753237 

MK742953.fasta, 119.85984883044198 

MK773363.fasta, 122.68574824608773 

MK785465.fasta, 122.00703658527063 

MK715714.fasta, 117.86919341964322 

MK564263.fasta, 114.79413172401415 

MK495325.fasta, 122.76650939733828 

MK786175.fasta, 118.39080408291963 

MK772874.fasta, 122.44409975840728 

MK799877.fasta, 125.62707846914947 

MK452406.fasta, 113.67843688485887 

MK913286.fasta, 124.04023215193895 

MK763002.fasta, 122.38146546644003 

MK576239.fasta, 119.64951492527841 

MK927196.fasta, 121.37966090730376 

MK839651.fasta, 121.19260904026231 

MK927208.fasta, 121.82663271330897 

MK577042.fasta, 122.36506514114882 

MK512707.fasta, 117.3462495086501 

MK868703.fasta, 123.64739434482625 

MK913078.fasta, 120.66545352808895 

MK855685.fasta, 117.84957623401893 

MK633041.fasta, 122.01390047464737 

MK855949.fasta, 121.59918978596717 

MK532496.fasta, 132.60027863635025 

MK631178.fasta, 119.65504280747166 

MK676460.fasta, 121.5193643531031 

MK576286.fasta, 120.32470243624272 

MK899154.fasta, 120.95145765695658 

MK839274.fasta, 125.07845547348707 

MK633305.fasta, 124.87578358290152 

MK839699.fasta, 121.70496865854622 

MK763025.fasta, 116.7271228768315 

MK631038.fasta, 120.74285806460635 

MK868746.fasta, 121.0937346199946 

MK928122.fasta, 118.40338638888792 

MK506979.fasta, 112.00912977099064 

MK786031.fasta, 121.68081597192054 

MK623813.fasta, 118.35438487573147 

MK856149.fasta, 123.13402500241934 

MK762968.fasta, 122.93796445663462 

MK856029.fasta, 123.96022912310063 

MK715794.fasta, 124.89713228786067 

MK899250.fasta, 119.02910022240677 

MK715946.fasta, 121.8353513188041 

MK631434.fasta, 118.41837114612447 

MK631018.fasta, 121.08613548543643 

MK630763.fasta, 120.44225863192645 

MK772861.fasta, 125.13808724663609 

MK785464.fasta, 120.53932688463267 

MK772881.fasta, 120.54499249074381 

MK786079.fasta, 121.8842897429112 

MK773261.fasta, 120.53465174019975 

MK743258.fasta, 121.13924012527207 

MK763022.fasta, 121.78986802760424 

MK743890.fasta, 121.82861826110435 

MK912566.fasta, 126.03361746464829 

MK785468.fasta, 120.23229177160916 

MK631250.fasta, 113.85385457353236 

MK868710.fasta, 115.00291928357247 

MK840187.fasta, 120.33812105902028 

MK912398.fasta, 116.45494679506993 

MK633481.fasta, 121.73210573453235 

MK856293.fasta, 119.36050251403576 

MK705904.fasta, 120.97733171405224 

MK742957.fasta, 119.99806192051605 

MK763028.fasta, 121.34861618266677 

MK576281.fasta, 122.4875296287991 

MK763034.fasta, 125.94726831070344 

MK676471.fasta, 119.74194264670155 

MK799875.fasta, 132.67570247572553 

MK623581.fasta, 119.34042009078304 

MK773048.fasta, 122.27068875873616 

MK855861.fasta, 120.89849420284928 

MK763026.fasta, 121.07090932289556 

MK762973.fasta, 118.43664063108464 

MK899378.fasta, 123.68554829435831 

MK799879.fasta, 134.51468318615994 

MK855805.fasta, 118.62011950998661 

MK630985.fasta, 121.43790153644908 

MK856217.fasta, 124.34746451591454 

MK577090.fasta, 120.00489186105445 

MK763013.fasta, 122.86361999318814 

MK868699.fasta, 122.16330970028362 

MK785887.fasta, 119.48239050716735 

MK785438.fasta, 120.07519550040999 

MK576234.fasta, 123.70469957614296 

MK577218.fasta, 119.47317585753348 

MK676751.fasta, 125.2116141981398 

MK773229.fasta, 121.62411947594414 

MK785482.fasta, 121.53388626774489 

MK785448.fasta, 119.61528576442917 

MK773054.fasta, 121.57985503353508 

MK763616.fasta, 119.48128229722869 

MK762964.fasta, 123.73158841078252 

MK898621.fasta, 121.25116796449973 

MK762958.fasta, 119.51121897084761 

MK960138.fasta, 109.77909691164207 

MK716106.fasta, 121.74544345911944 

MK856221.fasta, 115.70418999175455 

MK630834.fasta, 120.30938662438989 

MK840331.fasta, 121.74369987424174 

MK716042.fasta, 118.9797169478172 

MK633849.fasta, 121.08613548543643 

MK855757.fasta, 124.30828384448104 

MK960144.fasta, 122.03488173194894 

MK676367.fasta, 123.58449522368046 

MK786159.fasta, 121.29918314190667 

MK764000.fasta, 120.64632759383942 

MK855957.fasta, 121.38673735185593 

MK631050.fasta, 119.87558190106257 

MK742976.fasta, 123.51184921145222 

MK630954.fasta, 123.88480834118513 

MK785428.fasta, 116.98264110719687 

MK576954.fasta, 121.4903737027315 

MK495285.fasta, 121.2967264029687 

MK786087.fasta, 118.69185547183869 

MK506983.fasta, 121.58772730889908 

MK576219.fasta, 122.44342137761606 

MK631209.fasta, 125.49845813436428 

MK855925.fasta, 124.02104074294229 

MK630977.fasta, 121.26628435433842 

MK927222.fasta, 121.05474279720646 

MK772854.fasta, 119.76163200327106 

MK576218.fasta, 121.17239410523821 

MK576220.fasta, 121.05359220617599 

MK899234.fasta, 124.10818410817942 

MK773021.fasta, 126.87602066611801 

MK763976.fasta, 120.71060608592703 

MK762992.fasta, 121.00672529088042 

MK856035.fasta, 120.71234885723396 

MK773077.fasta, 124.78161892784233 

MK785473.fasta, 121.25218386474802 

MK856157.fasta, 123.65683660473972 

MK856245.fasta, 122.33732238129548 

MK855717.fasta, 117.95419969588092 

MK899034.fasta, 124.46223269673149 

MK785459.fasta, 121.3246641134962 

MK839320.fasta, 123.68306397816637 

MK676325.fasta, 119.92621603018712 

MK630752.fasta, 123.85621403287783 

MK631731.fasta, 122.1758078924447 

MK676642.fasta, 119.38978258759674 

MK839317.fasta, 124.11183134763414 

MK576970.fasta, 120.9580245954097 

MK912275.fasta, 122.19611547428457 

MK631282.fasta, 123.33211545397812 

MK899026.fasta, 121.23030016387584 

MK786071.fasta, 121.8921728572567 

MK927169.fasta, 120.23155156055932 

MK898680.fasta, 120.59387980625594 

MK960119.fasta, 124.15225194980405 

MK630701.fasta, 122.72289774212507 

MK868708.fasta, 111.12111018372879 

MK773253.fasta, 121.23015765929257 

MK763984.fasta, 123.27120032744494 

MK785467.fasta, 120.02387095134114 

MK855566.fasta, 124.21303132997684 

MK773293.fasta, 124.7252415005005 

MK840083.fasta, 118.41837114612447 

MK869315.fasta, 121.6305743616674 

MK631242.fasta, 119.34395280736938 

MK631202.fasta, 122.38146546644003 

MK763032.fasta, 123.67639029275789 

MK576762.fasta, 123.88243350538765 

MK715890.fasta, 120.53873938766742 

MK630687.fasta, 120.89820510662568 

MK630746.fasta, 123.71618254830877 

MK762972.fasta, 121.08613548543643 

MK762963.fasta, 119.6807390329484 

MK715858.fasta, 121.48553785257089 

MK716002.fasta, 119.86902963820484 

MK716190.fasta, 123.52500316613423 

MK855569.fasta, 117.41371559876177 

MK631290.fasta, 120.00597837629346 

MK772847.fasta, 122.33896792343393 

MK927224.fasta, 119.3236369784602 

MK773149.fasta, 124.53521836735028 

MK716058.fasta, 123.70298755742354 

MK855539.fasta, 124.14418661390738 

MK512713.fasta, 116.174688061894 

MK856229.fasta, 118.2396698546276 

MK631234.fasta, 121.79346226228641 

MK715866.fasta, 123.7632050659858 

MK503392.fasta, 113.979533421102 

MK630938.fasta, 123.7146493641715 

MK587483.fasta, 122.69494089448129 

MK715930.fasta, 121.21524602611936 

MK576858.fasta, 119.60105116608294 

MK772993.fasta, 120.54386729949546 

MK503418.fasta, 130.32678707289702 

MK763544.fasta, 123.16685969978863 

MK922335.fasta, 124.24636365847067 

MK633857.fasta, 122.80435698030789 

MK772827.fasta, 123.34265984206132 

MK762956.fasta, 124.08715022668024 

MK631666.fasta, 122.23569050171491 

MK630842.fasta, 118.4137834800217 

MK742972.fasta, 122.42975126693855 

MK716018.fasta, 122.65756324536447 

MK677406.fasta, 124.56862808707713 

MK631720.fasta, 121.94988351950819 

MK844247.fasta, 117.93132703408892 

MK576262.fasta, 123.33211545397812 

MK631194.fasta, 117.9038854213054 

MK743602.fasta, 122.7769964335966 

MK532502.fasta, 114.1216579369321 

MK855853.fasta, 125.70678234610016 

MK871743.fasta, 123.77715928548706 

MK743906.fasta, 117.76787141614281 

MK763624.fasta, 123.04031692957152 

MK763004.fasta, 122.1758078924447 

MK773277.fasta, 118.68657688069463 

MK631162.fasta, 122.85539069460957 

MK773453.fasta, 118.92251215807366 

MK859913.fasta, 126.1313168691441 

MK839315.fasta, 119.68649214885316 

MK960125.fasta, 119.75191424984713 

MK922331.fasta, 118.00269376267309 

MK630770.fasta, 119.52868359089581 

MK716154.fasta, 123.51030204595538 

MK927205.fasta, 122.07406170321956 

MK899178.fasta, 117.5844115904503 

MK716114.fasta, 118.33859795582018 

MK922311.fasta, 111.38278330752225 

MK676558.fasta, 124.86906078820948 

MK927206.fasta, 123.726326697907 

MK855655.fasta, 126.38705019588694 

MK631559.fasta, 125.78910298692651 

MK855639.fasta, 120.63951249292667 

MK922303.fasta, 134.40618650527716 

MK503420.fasta, 113.1967763013914 

MK912282.fasta, 118.27072769597261 

MK839296.fasta, 121.25605075687788 

MK868686.fasta, 123.35214543375085 

MK912270.fasta, 120.49387066849499 

MK716089.fasta, 119.58802433762753 

MK742950.fasta, 120.59387980625594 

MK576232.fasta, 123.25016306373192 

MK677424.fasta, 123.94192863574065 

MK506993.fasta, 112.04422597207754 

MK913246.fasta, 121.56109294677536 

MK912958.fasta, 122.1854886944858 

MK922337.fasta, 118.91873463272772 

MK856069.fasta, 124.2848475968994 

MK630694.fasta, 118.12990482640936 

MK773119.fasta, 120.47256255562809 

MK785783.fasta, 118.19261277169183 

MK785759.fasta, 116.91966978760011 

MK855773.fasta, 120.5992340478537 

MK922319.fasta, 121.33685505929024 

MK786151.fasta, 119.93997409357756 

MK821307.fasta, 116.87450402078792 

MK960118.fasta, 120.45426649069654 

MK631106.fasta, 119.3869220889874 

MK677418.fasta, 116.41762401376717 

MK927746.fasta, 114.68237114656502 

MK868718.fasta, 118.28981822238543 

MK622815.fasta, 118.15322689459454 

MK871749.fasta, 113.81507463507214 

MK899242.fasta, 119.80475734472742 

MK828099.fasta, 117.61284733436692 

MK716082.fasta, 112.74382623385645 

MK927183.fasta, 125.20410881689824 

MK839595.fasta, 121.21598549925685 

MK633049.fasta, 118.20157034302719 

MK773417.fasta, 120.73915945854455 

MK705908.fasta, 127.13408116582109 

MK762970.fasta, 117.32530597586789 

MK576211.fasta, 119.07768056589562 

MK828089.fasta, 123.70765566067128 

MK868702.fasta, 119.18125557016025 

MK763016.fasta, 120.304126766104 

MK532490.fasta, 112.73015586770299 

MK922317.fasta, 130.06029680845288 

MK630802.fasta, 122.73662689982596 

MK587477.fasta, 124.54872467461864 

MK743898.fasta, 117.4375234989414 

MK905331.fasta, 120.55621691184344 

MK743922.fasta, 121.9256658730804 

MK743826.fasta, 120.9630472457208 

MK960120.fasta, 119.31405811702078 

MK705900.fasta, 124.66261223897237 

MK868739.fasta, 122.53919685723024 

MK503404.fasta, 124.14913694777438 

MK577274.fasta, 120.12424688502992 

MK855788.fasta, 118.72244443724398 

MK898954.fasta, 117.907773354742 

MK912287.fasta, 117.66413579891056 

MK855965.fasta, 121.51651074203426 

MK577050.fasta, 121.52060108385038 

MK855660.fasta, 119.92505989722389 

MK762990.fasta, 122.58440413906449 

MK716074.fasta, 124.45602229718203 

MK715706.fasta, 117.49555717955644 

MK677422.fasta, 126.52411879115103 

MK576273.fasta, 113.21827432465514 

MK503396.fasta, 117.67144700501424 

MK677426.fasta, 126.66996706264118 

MK576214.fasta, 118.84106499338708 

MK772981.fasta, 120.11842013068505 

MK631082.fasta, 121.68390230678366 

MK676635.fasta, 125.89623997084873 

MK960139.fasta, 106.89526419294067 

MK576276.fasta, 126.31133761178508 

MK868698.fasta, 123.40232521197385 

MK839283.fasta, 123.16187707397596 

MK773220.fasta, 122.36727876705062 

MK503400.fasta, 111.91325267249684 

MK899202.fasta, 119.91061301594958 

MK763552.fasta, 118.78192533180538 

MK640470.fasta, 117.94605637579168 

MK512697.fasta, 113.3306105791655 

MK676579.fasta, 120.91883363370503 

MK762998.fasta, 123.68610191022651 

MK839314.fasta, 116.96807894540389 

MK715850.fasta, 120.88316484887105 

MK912726.fasta, 120.24787921228395 

MK772896.fasta, 119.61719302908583 

MK927229.fasta, 122.33543144869509 

MK912670.fasta, 125.46754444184147 

MK960708.fasta, 121.85941377141343 

MK715882.fasta, 116.69174959049607 

MK742961.fasta, 120.0471800204752 

MK773133.fasta, 121.76219776818571 

MK742949.fasta, 125.70678234610016 

MK785490.fasta, 120.74579466538289 

MK927172.fasta, 125.16062099494214 

MK743218.fasta, 117.41689708224762 

MK913070.fasta, 119.34127058373552 

MK763036.fasta, 121.61577349289036 

MK912710.fasta, 123.33998953575195 

MK785461.fasta, 119.5738776103574 

MK630922.fasta, 119.16254972440501 

MK839763.fasta, 121.21524602611936 

MK762977.fasta, 121.95085432500382 

MK763011.fasta, 120.93211875763944 

MK840387.fasta, 120.29244409818709 

MK576826.fasta, 124.51639363850988 

MK622821.fasta, 114.2627892699809 

MK856253.fasta, 119.24310607872191 

MK762979.fasta, 120.71650377526491 

MK631706.fasta, 124.02698452684781 

MK630786.fasta, 117.36773932441481 

MK856181.fasta, 123.5420303600734 

MK899114.fasta, 123.96022912310063 

MK855597.fasta, 121.60682977600946 

MK762952.fasta, 123.44105851030284 

MK576210.fasta, 117.36773932441481 

MK716026.fasta, 123.4939597587097 

MK898962.fasta, 119.3150710335856 

MK762953.fasta, 117.86919341964322 

MK564255.fasta, 123.31867563002353 

MK868696.fasta, 123.90815750558673 

MK676427.fasta, 123.06838089853464 

MK551231.fasta, 127.94788538686424 

MK899074.fasta, 119.72385612328388 

MK871739.fasta, 122.07197338195358 

MK856165.fasta, 120.04439984454416 

MK856372.fasta, 119.44673940634071 

MK773381.fasta, 121.76795929082255 

MK899410.fasta, 120.34864849848216 

MK631026.fasta, 113.21827432465514 

MK772917.fasta, 123.8739676128933 

MK743642.fasta, 122.64968533228483 

MK912662.fasta, 121.27629300710545 

MK856133.fasta, 120.89993567144825 

MK763008.fasta, 122.48220765507466 

MK912774.fasta, 120.08611146809655 

MK922339.fasta, 120.27809258138949 

MK715754.fasta, 118.65749735598514 

MK477679.fasta, 119.0537539836404 

MK576986.fasta, 112.74382623385645 

MK785484.fasta, 120.48669916980597 

MK763041.fasta, 117.9038854213054 

MK786015.fasta, 125.04273787301305 

MK899090.fasta, 119.57931176691993 

MK631490.fasta, 122.67661660723854 

MK927754.fasta, 125.3782114854546 

MK786375.fasta, 121.79862976282311 

MK840395.fasta, 123.9002316919998 

MK927212.fasta, 121.16854370537548 

MK743546.fasta, 122.47997208716201 

MK477693.fasta, 114.42356293059585 

MK799857.fasta, 118.15046652987607 

MK742951.fasta, 120.88443387124819 

MK856341.fasta, 122.78598175794734 

MK856013.fasta, 123.90056487513397 

MK743362.fasta, 122.69967690215135 

MK576287.fasta, 125.0371326317854 

MK905271.fasta, 120.93211875763944 

MK773325.fasta, 123.40737562206243 

MK743818.fasta, 119.74790289586424 

MK912982.fasta, 120.79079133571898 

MK631650.fasta, 119.18393408732712 

MK840179.fasta, 120.54280922342454 

MK715898.fasta, 120.74890241490115 

MK623645.fasta, 119.16476495073712 

MK564261.fasta, 120.19371211697045 

MK630778.fasta, 122.87085299383608 

MK899354.fasta, 121.4903737027315 

MK506995.fasta, 137.03580166708196 

MK743426.fasta, 120.56696894401753 

MK532492.fasta, 114.08806179421272 

MK839891.fasta, 123.57214398242297 

MK631138.fasta, 117.69827685873393 

MK576874.fasta, 125.24579020946733 

MK899130.fasta, 118.90396501024239 

MK635615.fasta, 120.53186628050292 

MK676444.fasta, 121.581435139098 

MK576252.fasta, 120.77317444302233 

MK742973.fasta, 127.16395362653523 

MK743482.fasta, 120.39260017727771 

MK927164.fasta, 120.18597028905269 

MK763003.fasta, 119.87774669642535 

MK785488.fasta, 120.65081799400518 

MK855765.fasta, 121.18740449070302 

MK631410.fasta, 122.03263206709347 

MK899386.fasta, 121.20119515647619 

MK773061.fasta, 119.973689097484 

MK905320.fasta, 119.96526562538179 

MK763648.fasta, 121.05440824518585 

MK743402.fasta, 119.74948590911016 

MK878729.fasta, 123.7050095910585 

MK786279.fasta, 120.13114222597892 

MK677410.fasta, 122.65440449563046 

MK716162.fasta, 121.811125298308 

MK576289.fasta, 122.80435698030789 

MK631130.fasta, 123.3540288220066 

MK855917.fasta, 121.71185930573992 

MK785434.fasta, 121.70122489595768 

MK576270.fasta, 119.22510648302755 

MK899314.fasta, 120.94634521221104 

MK773469.fasta, 121.55124766893857 

MK960142.fasta, 123.30657405978944 

MK715971.fasta, 121.21524602611936 

MK577178.fasta, 123.72480457846677 

MK576264.fasta, 118.76159356398031 

MK839312.fasta, 122.65756324536447 

MK676564.fasta, 118.98800059923065 

MK576946.fasta, 119.34042009078304 

MK856309.fasta, 112.9686817559408 

MK922321.fasta, 113.53537014810138 

MK763010.fasta, 124.58793541655812 

MK772941.fasta, 120.70176143114901 

MK912614.fasta, 125.59680356557207 

MK631594.fasta, 119.5738776103574 

MK630850.fasta, 119.87105619225177 

MK763912.fasta, 119.76112586461421 

MK743290.fasta, 117.65530098296367 

MK576778.fasta, 123.73759301750164 

MK512723.fasta, 135.8431172957999 

MK844233.fasta, 125.82461542045795 

MK773101.fasta, 117.57380126470022 

MK762997.fasta, 123.7146493641715 

MK676620.fasta, 120.77317444302233 

MK799885.fasta, 123.13048861594214 

MK912790.fasta, 121.87131799165277 

MK631298.fasta, 117.50042863820326 

MK576236.fasta, 119.20437557368592 

MK630757.fasta, 121.61815394697474 

MK912269.fasta, 123.37972103696404 

MK742978.fasta, 124.47357252684807 

MK676540.fasta, 120.59387980625594 

MK855576.fasta, 121.65047047848905 

MK630826.fasta, 121.04220498958817 

MK855973.fasta, 125.13407326432063 

MK856085.fasta, 122.65326200149688 

MK855590.fasta, 122.68010203675149 

MK716178.fasta, 123.70887451551684 

MK576237.fasta, 119.76999199418414 

MK576962.fasta, 121.23458424337498 

MK763600.fasta, 123.1913494016191 

MK743394.fasta, 120.86483571338867 

MK576215.fasta, 122.24148804617752 

MK913230.fasta, 115.97455496452578 

MK786007.fasta, 118.78294262317121 

MK631441.fasta, 126.24426967707318 

MK445325.fasta, 117.33779521162563 

MK676753.fasta, 116.72986117731274 

MK855877.fasta, 119.64951492527841 

MK715986.fasta, 120.93211875763944 

MK828103.fasta, 121.72806537782633 

MK633209.fasta, 123.90767612026059 

MK773389.fasta, 123.56599373471157 

MK633313.fasta, 124.53540679431258 

MK855985.fasta, 121.83437834478157 

MK855725.fasta, 119.70296986313704 

MK785458.fasta, 123.98082651127486 

MK868713.fasta, 119.3869220889874 

MK855781.fasta, 121.76590029657213 

MK839627.fasta, 121.59397296490468 

MK676601.fasta, 120.52562186502735 

MK772842.fasta, 120.70006425858053 

MK927204.fasta, 122.57470361603603 

MK899298.fasta, 122.47997208716201 

MK898538.fasta, 124.27573940930904 

MK631114.fasta, 120.92444716599718 

MK868692.fasta, 122.5080508676855 

MK868711.fasta, 121.1930164270249 

MK635616.fasta, 123.85621403287783 

MK715842.fasta, 121.06382694440639 

MK715730.fasta, 120.4586793200449 

MK912277.fasta, 119.3054933499917 

MK839579.fasta, 120.50712473710877 

MK855885.fasta, 122.20441944707984 

MK785476.fasta, 122.26934926216649 

MK676596.fasta, 123.34648876396977 

MK912280.fasta, 122.73647993229828 

MK623781.fasta, 122.39869788359113 

MK676357.fasta, 121.7878229856423 

MK839281.fasta, 127.15870571871166 

MK763696.fasta, 121.27053119300119 

MK743458.fasta, 120.64917977486128 

MK839275.fasta, 122.3929298304117 

MK576279.fasta, 122.81905657035705 

MK636179.fasta, 120.00597837629346 

MK828087.fasta, 123.19737712449077 

MK532498.fasta, 112.07214848983679 

MK705896.fasta, 122.88297115267012 

MK856173.fasta, 122.62967416529393 

MK577671.fasta, 126.78020837236518 

MK785999.fasta, 118.12263875608915 

MK763027.fasta, 122.65775211664517 

MK576282.fasta, 118.72244443724398 

MK576290.fasta, 120.20028814308027 

MK631266.fasta, 119.3612941310067 

MK715818.fasta, 123.90484413623612 

MK869683.fasta, 121.14264945533836 

MK839286.fasta, 121.6647992627657 

MK786503.fasta, 118.13358745001305 

MK715739.fasta, 122.44418475897093 

MK640448.fasta, 117.89426502816043 

MK868704.fasta, 121.62394112773342 

MK631495.fasta, 120.93211875763944 

MK927168.fasta, 121.72894880119325 

MK855620.fasta, 124.27129730865977 

MK786327.fasta, 119.87088773740912 

MK871741.fasta, 123.12079151522465 

MK715746.fasta, 123.75027380063555 

MK855551.fasta, 122.26623267007739 

MK855933.fasta, 120.71650377526491 

MK716098.fasta, 121.11789820496736 

MK631365.fasta, 118.64481107606453 

MK912558.fasta, 121.73046451532026 

MK631602.fasta, 116.3042277565347 

MK855614.fasta, 122.26757767328641 

MK576229.fasta, 121.05247238193496 

MK922313.fasta, 120.98283763579326 

MK840363.fasta, 120.01788703453697 

MK839284.fasta, 124.31182133493691 

MK631738.fasta, 122.1758078924447 

MK631419.fasta, 126.75879781729105 

MK631401.fasta, 124.0226254944781 

MK922327.fasta, 110.17573312463219 

MK839310.fasta, 119.88588454405426 

MK762985.fasta, 120.94634521221104 

MK773010.fasta, 121.51268452898384 

MK772806.fasta, 121.90755982652809 

MK631655.fasta, 124.71180052427754 

MK630947.fasta, 123.15825402157839 

MK743466.fasta, 120.36206535325778 

MK564251.fasta, 114.67367931619842 

MK576233.fasta, 121.73210573453235 

MK773125.fasta, 120.53186628050292 

MK631450.fasta, 119.10043342734734 

MK799861.fasta, 110.93844561237327 

MK878745.fasta, 120.78516365267632 

MK716202.fasta, 118.75676564942803 

MK576222.fasta, 122.83265789109386 

MK577098.fasta, 123.84597665333494 

MK856189.fasta, 119.78475856062974 

MK676548.fasta, 119.51121897084761 

MK773285.fasta, 120.00513413789366 

MK763018.fasta, 118.29639925477046 

MK839305.fasta, 117.62753025389536 

MK631002.fasta, 121.59256532266296 

MK844241.fasta, 111.80724377025406 

MK868700.fasta, 120.1942050759238 

MK856053.fasta, 120.94738054869852 

MK630818.fasta, 124.8870478491505 

MK576275.fasta, 125.55517486646919 

MK927818.fasta, 119.62250602092263 

MK576216.fasta, 119.16254972440501 

MK577130.fasta, 123.11173551821182 

MK762982.fasta, 122.07884552774593 

MK773237.fasta, 119.25638357535573 

MK869427.fasta, 121.7979596594671 

MK763024.fasta, 120.10464016152947 

MK855998.fasta, 127.14865322645394 

MK631618.fasta, 123.11837327547399 

MK633033.fasta, 120.40778674941735 

MK856045.fasta, 120.93211875763944 

MK855741.fasta, 121.56350359038078 

MK899218.fasta, 120.59387980625594 

MK881759.fasta, 122.66050848843632 

MK785485.fasta, 120.87316238995034 

MK564243.fasta, 124.21268465543758 

MK869243.fasta, 120.14622577140278 

MK960131.fasta, 122.40874529723496 

MK631122.fasta, 113.29323435609494 

MK715994.fasta, 118.98994494258764 

MK856005.fasta, 112.80123505045341 

MK773397.fasta, 124.20942675676336 

MK773181.fasta, 123.22134234121557 

MK576260.fasta, 125.16053435987703 

MK743810.fasta, 121.08376107017696 

MK840139.fasta, 120.45655617479622 

MK743418.fasta, 123.96022912310063 

MK763992.fasta, 119.83912108092164 

MK772957.fasta, 117.75812129737757 

MK762965.fasta, 123.62302825442623 

MK742966.fasta, 121.52630397435897 

MK763030.fasta, 119.9090793016135 

MK743266.fasta, 123.77468275560953 

MK630930.fasta, 123.37632206533264 

MK512721.fasta, 125.54350967782234 

MK839915.fasta, 120.27399346304358 

MK631098.fasta, 122.18127058873148 

MK576288.fasta, 121.59256532266296 

MK839675.fasta, 122.20762188132811 

MK786463.fasta, 117.89124927687902 

MK960636.fasta, 122.11572452039056 

MK922309.fasta, 120.90565938769086 

MK899122.fasta, 123.45145578604718 

MK676668.fasta, 125.14720508345691 

MK640460.fasta, 108.14289679121735 

MK577675.fasta, 122.67687324965537 

MK785422.fasta, 114.77110388175008 

MK576274.fasta, 122.53683805262312 

MK631274.fasta, 124.33689919069835 

MK855701.fasta, 121.1364432208075 

MK576938.fasta, 123.58449522368046 

MK856269.fasta, 120.21562850320976 

MK927930.fasta, 124.94223865760186 

MK773198.fasta, 121.3246641134962 

MK773315.fasta, 122.31043549032316 

MK773437.fasta, 122.30883197880648 

MK839285.fasta, 125.21145522581465 

MK844269.fasta, 123.47347004283029 

MK576866.fasta, 127.31016146393438 

MK631714.fasta, 122.1854886944858 

MK855797.fasta, 119.40762370391563 

MK799867.fasta, 118.76778506336696 

MK477691.fasta, 127.53620739606053 

MK786263.fasta, 118.90833652552574 

MK742969.fasta, 121.03334084295692 

MK763720.fasta, 123.88266737871855 

MK912281.fasta, 121.29668636421917 

MK773157.fasta, 122.58261654408365 

MK773145.fasta, 122.40782614471075 

MK763520.fasta, 121.59324400498453 

MK856261.fasta, 120.91546569089809 

MK676420.fasta, 123.82701731727173 

MK839299.fasta, 120.9468289026317 

MK576243.fasta, 120.25416996646375 

MK855941.fasta, 120.97090179185602 

MK503416.fasta, 115.1316035077148 

MK630915.fasta, 122.72314880178234 

MK839278.fasta, 126.81904414756532 

MK868697.fasta, 114.94358928668953 

MK855645.fasta, 122.96868361201457 

MK840259.fasta, 119.51316175404155 

MK631482.fasta, 124.45572086486894 

MK856093.fasta, 123.3113636864875 

MK630962.fasta, 118.41837114612447 

MK716122.fasta, 125.48330842085802 

MK773405.fasta, 124.32605455902849 

MK576266.fasta, 121.16968570897909 

MK631762.fasta, 117.5645269310795 

MK763037.fasta, 118.83668905489122 

MK742975.fasta, 124.14363873799032 

MK772832.fasta, 122.52862858343333 

MK799859.fasta, 119.85797953349012 

MK576217.fasta, 120.67450494560433 

MK503388.fasta, 113.83519173202671 

MK630731.fasta, 121.88105485170723 

MK715914.fasta, 113.17282055391449 

MK773269.fasta, 124.02853627723204 

MK576930.fasta, 121.996967036234 

MK576818.fasta, 121.96032321120828 

MK635601.fasta, 123.78759300488191 

MK913302.fasta, 122.16118350010255 

MK715834.fasta, 123.50090055040948 

MK927240.fasta, 119.92583160287624 

MK912276.fasta, 122.60963751436572 

MK856365.fasta, 119.3054933499917 

MK743570.fasta, 122.18869902431567 

MK763640.fasta, 119.58611838805524 

MK855629.fasta, 121.33837090987812 

MK762991.fasta, 124.34746451591454 

MK772965.fasta, 122.70644746708427 

MK676524.fasta, 124.93513905556746 

MK913190.fasta, 122.27293125099497 

MK927197.fasta, 123.43678798940763 

MK840339.fasta, 120.73593182612903 

MK576255.fasta, 120.8834054226401 

MK762987.fasta, 120.19315710297019 

MK676716.fasta, 122.18869902431567 

MK631474.fasta, 119.3236369784602 

MK551233.fasta, 123.50227065880087 

MK631570.fasta, 122.8274654907962 

MK763005.fasta, 122.46523754244171 

MK587471.fasta, 119.67435371158561 

MK960123.fasta, 119.68441423336036 

MK715770.fasta, 126.5404540241416 

MK763744.fasta, 121.17868468909305 

MK633425.fasta, 123.58449522368046 

MK773358.fasta, 120.64632759383942 

MK773165.fasta, 114.23859873339254 

MK927218.fasta, 125.32672301618007 

MK922333.fasta, 117.10700678085169 

MK763944.fasta, 119.84365960619027 

MK743282.fasta, 120.3964136165666 

MK633217.fasta, 124.20068369525659 

MK743634.fasta, 122.45795685973674 

MK676708.fasta, 122.45178260678568 

MK786047.fasta, 123.12690048479438 

MK960121.fasta, 120.03624297778975 

MK715874.fasta, 117.41689708224762 

MK716034.fasta, 121.16650410447575 

MK960122.fasta, 122.86675720685939 

MK855677.fasta, 122.93072406891136 

MK773373.fasta, 122.4496275117495 

MK912694.fasta, 124.84607255024946 

MK785436.fasta, 120.16531810102889 

MK633377.fasta, 119.74194264670155 

MK868721.fasta, 123.32967770594384 

MK839635.fasta, 123.40737562206243 

MK868683.fasta, 125.37296874573701 

MK785493.fasta, 125.98825649854861 

MK899210.fasta, 123.64770432748989 

MK855813.fasta, 121.21430021973856 

MK631425.fasta, 121.4903737027315 

MK633441.fasta, 123.82701731727173 

MK631354.fasta, 123.13972339464968 

MK622829.fasta, 124.42302765115939 

MK676740.fasta, 119.64004852957176 

MK785449.fasta, 126.78595722221249 

MK503402.fasta, 124.82416455863738 

MK762976.fasta, 121.63270577387745 

MK828101.fasta, 119.07127697660837 

MK631306.fasta, 121.76054956320273 

MK868689.fasta, 120.08225197904275 

MK631754.fasta, 123.3209474432336 

MK762993.fasta, 121.48553785257089 

MK786167.fasta, 123.98518595950888 

MK716146.fasta, 124.69230167242708 

MK927171.fasta, 119.95342713344512 

MK922307.fasta, 126.66578072051004 

MK676450.fasta, 119.96620020796696 

MK715786.fasta, 118.01704183138027 

MK868744.fasta, 124.55957938507352 

MK785487.fasta, 119.18393408732712 

MK631553.fasta, 112.86654793893487 

MK785453.fasta, 119.65614214668497 

MK773485.fasta, 120.9630472457208 

MK630866.fasta, 124.14363873799032 

MK773109.fasta, 125.002424633143 

MK922299.fasta, 113.41998236451614 

MK636075.fasta, 122.59280087692383 

MK912390.fasta, 122.47770941123716 

MK623877.fasta, 127.7310264600774 

MK631681.fasta, 123.44613792543286 

MK633865.fasta, 119.00522494800741 

MK631330.fasta, 120.47861485208983 

MK630810.fasta, 123.03740420547065 

MK477677.fasta, 115.90050456287686 

MK844239.fasta, 115.39786646325804 

MK868693.fasta, 119.57931176691993 

MK786359.fasta, 122.10309240908077 

MK631010.fasta, 119.40947122138151 

MK912686.fasta, 121.23148944598354 

