KU955592
10272
gr_value = 99.8498873309
time taken = 2811
time taken = 0
MH882545
10272
gr_value = 97.0824391947
time taken = 2749
time taken = 0
KU681082
10272
gr_value = 90.7964757025
time taken = 2770
time taken = 0
KU963574
10254
gr_value = 104.048065816
time taken = 2644
time taken = 0
MH882532
10272
gr_value = 83.2165848855
time taken = 2792
time taken = 0
MH368551
10272
gr_value = 95.3519795285
time taken = 2745
time taken = 0
KF268950
10267
gr_value = 73.8241153012
time taken = 2755
time taken = 0
KU963573
10260
gr_value = 78.2623792125
time taken = 2589
time taken = 0
KU497555
10272
gr_value = 85.2115015711
time taken = 2764
time taken = 0
KY014296
10272
gr_value = 86.4927742647
time taken = 2801
time taken = 0
MF073359
10272
gr_value = 86.0232526704
time taken = 2810
time taken = 0
KU955595
10272
gr_value = 99.8498873309
time taken = 2844
time taken = 0
MH882542
10272
gr_value = 84.2140130857
time taken = 2733
time taken = 0
KX198134
10272
gr_value = 100.498756211
time taken = 2767
time taken = 0
KU926309
10272
gr_value = 90.1997782702
time taken = 2779
time taken = 0
MK238037
10272
gr_value = 83.3846508657
time taken = 2804
time taken = 0
KU179098
10272
gr_value = 86.0929730001
time taken = 2815
time taken = 0
KU955591
10272
gr_value = 100.841459728
time taken = 2825
time taken = 0
KX601167
10272
gr_value = 107.563934476
time taken = 2840
time taken = 0
KU681081
10272
gr_value = 87.2811548961
time taken = 2755
time taken = 0
