sequences/KU955592
10272
gr_value = 3550.4907998717345
time taken = 5425
time taken = 0
sequences/MH882545
10272
gr_value = 3551.0314032533406
time taken = 5024
time taken = 0
sequences/KU681082
10272
gr_value = 3548.8431733450475
time taken = 5500
time taken = 0
sequences/KU963574
10254
gr_value = 3543.3206530248535
time taken = 5035
time taken = 0
sequences/MH882532
10272
gr_value = 3548.4898191572015
time taken = 5072
time taken = 0
sequences/MH368551
10272
gr_value = 3548.0632963100647
time taken = 5033
time taken = 0
sequences/KF268950
10267
gr_value = 3538.144482852513
time taken = 5385
time taken = 0
sequences/KU963573
10260
gr_value = 3542.583042931576
time taken = 5499
time taken = 0
sequences/KU497555
10272
gr_value = 3548.585346067617
time taken = 4885
time taken = 0
sequences/KY014296
10272
gr_value = 3546.7904270141385
time taken = 5361
time taken = 0
sequences/MF073359
10272
gr_value = 3549.869963549572
time taken = 4902
time taken = 0
sequences/KU955595
10272
gr_value = 3550.382997121506
time taken = 5505
time taken = 0
sequences/MH882542
10272
gr_value = 3548.696084860687
time taken = 4954
time taken = 0
sequences/KX198134
10272
gr_value = 3551.2864484008096
time taken = 4911
time taken = 0
sequences/KU926309
10272
gr_value = 3549.637286030135
time taken = 4881
time taken = 0
sequences/MK238037
10272
gr_value = 3551.345281078615
time taken = 4629
time taken = 0
sequences/KU179098
10272
gr_value = 3551.346669606673
time taken = 5664
time taken = 0
sequences/KU955591
10272
gr_value = 3550.516785083803
time taken = 4653
time taken = 0
sequences/KX601167
10272
gr_value = 3551.393051824159
time taken = 4946
time taken = 0
sequences/KU681081
10272
gr_value = 3548.730392993504
time taken = 5046
time taken = 0
