sequences/KU955592
10272
100.34730493427097
time taken = 6020
time taken = 0
sequences/MH882545
10272
97.23981356427183
time taken = 3132
time taken = 0
sequences/KU681082
10272
91.49963837555356
time taken = 4442
time taken = 0
sequences/KU963574
10254
104.8554982299851
time taken = 4274
time taken = 0
sequences/MH882532
10272
83.83381037301922
time taken = 4513
time taken = 0
sequences/MH368551
10272
95.75980254783617
time taken = 4954
time taken = 0
sequences/KF268950
10267
74.10515101401755
time taken = 4989
time taken = 0
sequences/KU963573
10260
79.00699276292568
time taken = 4689
time taken = 0
sequences/KU497555
10272
85.40489717833759
time taken = 4943
time taken = 0
sequences/KY014296
10272
87.31324611354924
time taken = 5048
time taken = 0
sequences/MF073359
10272
86.71082137513883
time taken = 4701
time taken = 0
sequences/KU955595
10272
100.41325808458663
time taken = 4972
time taken = 0
sequences/MH882542
10272
84.54157342038101
time taken = 4864
time taken = 0
sequences/KX198134
10272
101.26020132026413
time taken = 4526
time taken = 0
sequences/KU926309
10272
90.33263139825405
time taken = 4473
time taken = 0
sequences/MK238037
10272
84.32908517315094
time taken = 4973
time taken = 0
sequences/KU179098
10272
86.78517383955048
time taken = 4553
time taken = 0
sequences/KU955591
10272
100.9355683255355
time taken = 4785
time taken = 0
sequences/KX601167
10272
107.91717127105305
time taken = 4515
time taken = 0
sequences/KU681081
10272
87.304819059082
time taken = 4603
time taken = 0
sequences/KU955592
10272
100.34730493427097
time taken = 5755
time taken = 0
sequences/MH882545
10272
97.23981356427183
time taken = 3812
time taken = 0
sequences/KU681082
10272
91.49963837555356
time taken = 4679
time taken = 0
sequences/KU963574
10254
104.8554982299851
time taken = 4635
time taken = 0
sequences/MH882532
10272
83.83381037301922
time taken = 4710
time taken = 0
sequences/MH368551
10272
95.75980254783617
time taken = 4516
time taken = 0
sequences/KF268950
10267
74.10515101401755
time taken = 4846
time taken = 0
sequences/KU963573
10260
79.00699276292568
time taken = 4804
time taken = 0
sequences/KU497555
10272
85.40489717833759
time taken = 4826
time taken = 0
sequences/KY014296
10272
87.31324611354924
time taken = 4613
time taken = 0
sequences/MF073359
10272
86.71082137513883
time taken = 4327
time taken = 0
sequences/KU955595
10272
100.41325808458663
time taken = 4531
time taken = 0
sequences/MH882542
10272
84.54157342038101
time taken = 3987
time taken = 0
sequences/KX198134
10272
101.26020132026413
time taken = 4448
time taken = 0
sequences/KU926309
10272
90.33263139825405
time taken = 4551
time taken = 0
sequences/MK238037
10272
84.32908517315094
time taken = 4409
time taken = 0
sequences/KU179098
10272
86.78517383955048
time taken = 4465
time taken = 0
sequences/KU955591
10272
100.9355683255355
time taken = 4267
time taken = 0
sequences/KX601167
10272
107.91717127105305
time taken = 4573
time taken = 0
sequences/KU681081
10272
87.304819059082
time taken = 4097
time taken = 0
sequences/KU955592
10272
100.34730493427097
time taken = 6086
time taken = 0
sequences/MH882545
10272
97.23981356427183
time taken = 3926
time taken = 0
sequences/KU681082
10272
91.49963837555356
time taken = 4102
time taken = 0
sequences/KU963574
10254
104.8554982299851
time taken = 4443
time taken = 0
sequences/MH882532
10272
83.83381037301922
time taken = 4590
time taken = 0
sequences/MH368551
10272
95.75980254783617
time taken = 4801
time taken = 0
sequences/KF268950
10267
74.10515101401755
time taken = 5332
time taken = 0
sequences/KU963573
10260
79.00699276292568
time taken = 5088
time taken = 0
sequences/KU497555
10272
85.40489717833759
time taken = 5487
time taken = 0
sequences/KY014296
10272
87.31324611354924
time taken = 4988
time taken = 0
sequences/MF073359
10272
86.71082137513883
time taken = 4836
time taken = 0
sequences/KU955595
10272
100.41325808458663
time taken = 5253
time taken = 0
sequences/MH882542
10272
84.54157342038101
time taken = 5721
time taken = 0
sequences/KX198134
10272
101.26020132026413
time taken = 5014
time taken = 0
sequences/KU926309
10272
90.33263139825405
time taken = 4905
time taken = 0
sequences/MK238037
10272
84.32908517315094
time taken = 4581
time taken = 0
sequences/KU179098
10272
86.78517383955048
time taken = 4757
time taken = 0
sequences/KU955591
10272
100.9355683255355
time taken = 5543
time taken = 0
sequences/KX601167
10272
107.91717127105305
time taken = 5152
time taken = 0
sequences/KU681081
10272
87.304819059082
time taken = 5469
time taken = 0
