sequences/KU955592
10272
10272.50531932312
time taken = 45694
time taken = 804
sequences/MH882545
10272
10272.483364003192
time taken = 802902
time taken = 803
sequences/KU681082
10272
10272.479887992118
time taken = 256110
time taken = 807
sequences/KU963574
10254
10254.505003003353
time taken = 213878
time taken = 800
sequences/MH882532
10272
10272.484159613488
time taken = 271421
time taken = 799
sequences/MH368551
10272
10272.482390533209
time taken = 628977
time taken = 800
sequences/KF268950
10267
10267.498837309684
time taken = 951110
time taken = 797
sequences/KU963573
10260
10260.502318796214
time taken = 872509
time taken = 798
sequences/KU497555
10272
10272.480909247985
time taken = 885064
time taken = 800
sequences/KY014296
10272
10272.483182904358
time taken = 969134
time taken = 800
sequences/MF073359
10272
10272.483665507421
time taken = 964750
time taken = 799
sequences/KU955595
10272
10272.50531932312
time taken = 633288
time taken = 801
sequences/MH882542
10272
10272.483496962705
time taken = 546802
time taken = 800
sequences/KX198134
10272
10272.505431357431
time taken = 579602
time taken = 801
sequences/KU926309
10272
10272.483311159302
time taken = 633856
time taken = 801
sequences/MK238037
10272
10272.482067890993
time taken = 264892
time taken = 800
sequences/KU179098
10272
10272.484050327559
time taken = 898516
time taken = 800
sequences/KU955591
10272
10272.505485356614
time taken = 978139
time taken = 802
sequences/KX601167
10272
10272.486927119418
time taken = 496905
time taken = 800
sequences/KU681081
10272
10272.48368255069
time taken = 299301
time taken = 798
