sequences/KU955592
10272
47.564395680646086
time taken = 449903
time taken = 3746
sequences/MH882545
10272
45.62215789329755
time taken = 512409
time taken = 3618
sequences/KU681082
10272
46.19932165670298
time taken = 948636
time taken = 3561
sequences/KU963574
10254
41.61038738571995
time taken = 824099
time taken = 3554
sequences/MH882532
10272
45.622157893270746
time taken = 960022
time taken = 3561
sequences/MH368551
10272
48.645284151091126
time taken = 415562
time taken = 3545
sequences/KF268950
10267
45.004406197776255
time taken = 648166
time taken = 3577
sequences/KU963573
10260
44.56908423088029
time taken = 363938
time taken = 3560
sequences/KU497555
10272
45.62215789316876
time taken = 204723
time taken = 3553
sequences/KY014296
10272
46.79074254392348
time taken = 73544
time taken = 3571
sequences/MF073359
10272
45.62215789268276
time taken = 880940
time taken = 3559
sequences/KU955595
10272
47.56439568054656
time taken = 115422
time taken = 3566
sequences/MH882542
10272
45.622157893260756
time taken = 336784
time taken = 3542
sequences/KX198134
10272
47.564395680498464
time taken = 650151
time taken = 3562
sequences/KU926309
10272
45.622157893169046
time taken = 212366
time taken = 3550
sequences/MK238037
10272
45.62215789296483
time taken = 951885
time taken = 3534
sequences/KU179098
10272
45.622157892252076
time taken = 462642
time taken = 3551
sequences/KU955591
10272
47.564395680610424
time taken = 352654
time taken = 3536
sequences/KX601167
10272
47.35366530842674
time taken = 429519
time taken = 3523
sequences/KU681081
10272
45.62215789308168
time taken = 40619
time taken = 3504
