sequences/KU955592
10272
46.46982691278863
time taken = 810199
time taken = 866
sequences/MH882545
10272
46.521259104297236
time taken = 693747
time taken = 813
sequences/KU681082
10272
46.06335943991582
time taken = 936528
time taken = 826
sequences/KU963574
10254
45.75414393359737
time taken = 294099
time taken = 911
sequences/MH882532
10272
46.49380083136811
time taken = 161773
time taken = 831
sequences/MH368551
10272
46.422730289820734
time taken = 880216
time taken = 818
sequences/KF268950
10267
46.483969722083586
time taken = 648514
time taken = 819
sequences/KU963573
10260
45.97955744412502
time taken = 174590
time taken = 802
sequences/KU497555
10272
46.56870673093874
time taken = 203871
time taken = 796
sequences/KY014296
10272
46.52103017420752
time taken = 146148
time taken = 802
sequences/MF073359
10272
46.52103017420752
time taken = 421688
time taken = 807
sequences/KU955595
10272
46.46982691278863
time taken = 999971
time taken = 790
sequences/MH882542
10272
46.49380083136811
time taken = 470219
time taken = 815
sequences/KX198134
10272
46.46982691278863
time taken = 251728
time taken = 787
sequences/KU926309
10272
46.48966582822523
time taken = 108147
time taken = 802
sequences/MK238037
10272
46.52210291514669
time taken = 140821
time taken = 785
sequences/KU179098
10272
45.965347889724704
time taken = 267666
time taken = 807
sequences/KU955591
10272
46.46982691278863
time taken = 791263
time taken = 794
sequences/KX601167
10272
46.03062102951531
time taken = 220692
time taken = 787
sequences/KU681081
10272
46.518699683315646
time taken = 305189
time taken = 810
