sequences/KU955592
10272
10273.966715335098
time taken = 855896
time taken = 900
sequences/MH882545
10272
(10273.942489611976+0j)
time taken = 628786
time taken = 859
sequences/KU681082
10272
(10273.938640245573+0j)
time taken = 504326
time taken = 869
sequences/KU963574
10254
10255.953889909078
time taken = 224483
time taken = 858
sequences/MH882532
10272
(10273.946026371867+0j)
time taken = 702130
time taken = 860
sequences/MH368551
10272
10273.934952850845
time taken = 648908
time taken = 860
sequences/KF268950
10267
10268.948445462855
time taken = 462220
time taken = 868
sequences/KU963573
10260
10261.966168232791
time taken = 909730
time taken = 866
sequences/KU497555
10272
(10273.94349082803+0j)
time taken = 926899
time taken = 860
sequences/KY014296
10272
10273.93890090311
time taken = 613154
time taken = 866
sequences/MF073359
10272
(10273.946072832621+0j)
time taken = 73914
time taken = 855
sequences/KU955595
10272
10273.967999794444
time taken = 101980
time taken = 860
sequences/MH882542
10272
10273.945128818637
time taken = 311196
time taken = 857
sequences/KX198134
10272
10273.967835812065
time taken = 431352
time taken = 860
sequences/KU926309
10272
(10273.943375936633+0j)
time taken = 69842
time taken = 856
sequences/MK238037
10272
(10273.950136630381+0j)
time taken = 284585
time taken = 855
sequences/KU179098
10272
(10273.950786151348+0j)
time taken = 658630
time taken = 862
sequences/KU955591
10272
10273.967008978994
time taken = 770136
time taken = 855
sequences/KX601167
10272
10273.941322809504
time taken = 430859
time taken = 837
sequences/KU681081
10272
(10273.946642432351+0j)
time taken = 306304
time taken = 841
