JN620362_envelope.txt
1479
mew_x = 502.64572547071447
mew_y = -66.51681525053698
sqr_gr_value = 257077.21204505494
gr_value = 507.0278217662764
time taken = 1736
time taken = 0
KC601756_envelope.txt
1503
mew_x = 513.5700270111939
mew_y = -48.22192662950996
sqr_gr_value = 266079.52685214026
gr_value = 515.828970543668
time taken = 1767
time taken = 0
KX197192_envelope_result.txt
25
mew_x = 8.432614131981836
mew_y = 5.4080246635918865
sqr_gr_value = 100.35571186091792
gr_value = 10.017769804747857
time taken = 38
time taken = 0
JX669476_envelope.txt
1485
mew_x = 494.54862092745014
mew_y = -119.62691093767995
sqr_gr_value = 258888.9362817344
gr_value = 508.81129732125095
time taken = 3043
time taken = 0
KX197192_envelope.txt
1512
mew_x = 515.6407339382429
mew_y = -75.59684641839979
sqr_gr_value = 271600.2496847769
gr_value = 521.1528083823179
time taken = 1817
time taken = 0
