MH882532
10272
834.406131275
time taken = 467865
time taken = 2612
MH368551
10272
835.459413281
time taken = 737652
time taken = 2681
KF268950
10267
837.985168949
time taken = 865351
time taken = 2646
KU963573
10260
846.047038478
time taken = 862474
time taken = 2633
KU497555
10272
834.815337804
time taken = 369917
time taken = 2634
KY014296
10272
834.274276556
time taken = 511296
time taken = 2653
MF073359
10272
834.898396993
time taken = 261659
time taken = 2663
KU955595
10272
858.573191844
time taken = 250345
time taken = 2625
MH882542
10272
835.87931765
time taken = 506462
time taken = 2707
KX198134
10272
858.969060041
time taken = 956807
time taken = 2788
KU926309
10272
836.017055644
time taken = 399179
time taken = 2671
MK238037
10272
833.697230568
time taken = 492314
time taken = 5306
KU179098
10272
832.168367139
time taken = 421077
time taken = 2967
KU955591
10272
858.616508104
time taken = 884611
time taken = 2775
KX601167
10272
845.874394339
time taken = 866669
time taken = 2732
KU681081
10272
835.612213697
time taken = 471865
time taken = 2693
KU955592
10272
857.80203593
time taken = 952725
time taken = 4097
MH882545
10272
836.759165698
time taken = 303508
time taken = 5457
KU681082
10272
841.380577272
time taken = 137863
time taken = 2703
KU963574
10254
861.080405942
time taken = 142182
time taken = 2706
